Lmod has detected the following error: The following module(s) are unknown:
"R"

Please check the spelling or version number. Also try "module spider ..."
It is also possible your cache file is out-of-date; it may help to try:
  $ module --ignore_cache load "R"

Also make sure that all modulefiles written in TCL start with the string
#%Module



Loading required package: foreach
Loading required package: iterators
Loading required package: parallel
Warning messages:
1: package ‘doParallel’ was built under R version 4.1.1 
2: package ‘foreach’ was built under R version 4.1.1 
3: package ‘iterators’ was built under R version 4.1.1 
Loading required package: survival
Error in gzfile(file, "rb") : cannot open the connection
Calls: readRDS -> gzfile
In addition: Warning message:
In gzfile(file, "rb") :
  cannot open compressed file 'rdsFileArrayOfExperimentalData', probable reason 'No such file or directory'
Execution halted
slurmstepd: error: *** JOB 501260 ON a242 CANCELLED AT 2022-08-29T11:47:15 ***
